<?xml version="1.0" encoding="UTF-8"?>
<testsuite xmlns:xsi="http://www.w3.org/2001/XMLSchema-instance" xsi:noNamespaceSchemaLocation="https://maven.apache.org/surefire/maven-surefire-plugin/xsd/surefire-test-report.xsd" name="order.CreateOrderTest" time="13.414" tests="6" errors="0" skipped="0" failures="0">
  <properties>
[...]
</properties>
  <testcase name="createOrderWithAuthorizationWithWrongHashTest" classname="order.CreateOrderTest" time="4.786"/>
  <testcase name="createOrderWithoutAuthorizationTest" classname="order.CreateOrderTest" time="1.385"/>
  <testcase name="createOrderWithAuthorizationTest" classname="order.CreateOrderTest" time="3.344"/>
  <testcase name="createOrderWithoutAuthorizationWithWrongHashTest" classname="order.CreateOrderTest" time="1.368"/>
  <testcase name="createEmptyOrderWithoutAuthorization" classname="order.CreateOrderTest" time="0.946"/>
  <testcase name="createEmptyOrderWithAuthorization" classname="order.CreateOrderTest" time="1.403"/>
</testsuite>